<?xml version="1.0" encoding="UTF-8"?>
<!-- Generated by org.testng.reporters.JUnitReportReporter -->
<testsuite hostname="DESKTOP-JCD9SQ1" failures="0" tests="3" name="magento2.create_account" time="2.003" errors="0" timestamp="2023-10-23T11:47:25 TRT" skipped="0">
  <testcase classname="magento2.create_account" name="myTest" time="0.581"/>
  <testcase classname="magento2.create_account" name="myTest" time="0.856"/>
  <testcase classname="magento2.create_account" name="myTest" time="0.566"/>
</testsuite> <!-- magento2.create_account -->
