<?xml version="1.0" encoding="UTF-8"?>
<!-- Generated by org.testng.reporters.JUnitReportReporter -->
<testsuite hostname="DESKTOP-JCD9SQ1" failures="0" tests="1" name="projecttwo.myClass" time="0.541" errors="0" timestamp="2023-10-22T21:17:16 TRT" skipped="0">
  <testcase classname="projecttwo.myClass" name="printItemName" time="0.541"/>
</testsuite> <!-- projecttwo.myClass -->
