<?xml version="1.0" encoding="UTF-8"?>
<!-- Generated by org.testng.reporters.JUnitReportReporter -->
<testsuite hostname="DESKTOP-JCD9SQ1" failures="0" tests="1" name="projecttwo.TestTest" time="0.009" errors="0" timestamp="2023-10-22T20:47:52 TRT" skipped="0">
  <testcase classname="projecttwo.TestTest" name="myFirstTest" time="0.009"/>
</testsuite> <!-- projecttwo.TestTest -->
